{"numFailedTestSuites":0,"numFailedTests":0,"numPassedTestSuites":2,"numPassedTests":7,"numPendingTestSuites":0,"numPendingTests":0,"numRuntimeErrorTestSuites":0,"numTodoTests":0,"numTotalTestSuites":2,"numTotalTests":7,"openHandles":[],"snapshot":{"added":0,"didUpdate":false,"failure":false,"filesAdded":0,"filesRemoved":0,"filesUnmatched":0,"filesUpdated":0,"matched":4,"total":4,"unchecked":0,"uncheckedKeysByFile":[],"unmatched":0,"updated":0},"startTime":1568760701827,"success":true,"testResults":[{"assertionResults":[{"ancestorTitles":[],"failureMessages":[],"fullName":"snapshot","location":null,"status":"passed","title":"snapshot"},{"ancestorTitles":[],"failureMessages":[],"fullName":"should render tags","location":null,"status":"passed","title":"should render tags"},{"ancestorTitles":[],"failureMessages":[],"fullName":"should fire onTagClick when click on a tag","location":null,"status":"passed","title":"should fire onTagClick when click on a tag"},{"ancestorTitles":[],"failureMessages":[],"fullName":"should fire onRemoveClick when click on a remove button","location":null,"status":"passed","title":"should fire onRemoveClick when click on a remove button"}],"endTime":1568760703488,"message":"","name":"/Users/russian/opensource/bossabox/challenges/frontend/src/scenes/listing/components/tool-item/tool-item.test.js","startTime":1568760702609,"status":"passed","summary":""},{"assertionResults":[{"ancestorTitles":["enhancer"],"failureMessages":[],"fullName":"enhancer should run find when mount","location":null,"status":"passed","title":"should run find when mount"},{"ancestorTitles":["scene"],"failureMessages":[],"fullName":"scene snapshot","location":null,"status":"passed","title":"snapshot"},{"ancestorTitles":["scene"],"failureMessages":[],"fullName":"scene should show tools","location":null,"status":"passed","title":"should show tools"}],"endTime":1568760704019,"message":"","name":"/Users/russian/opensource/bossabox/challenges/frontend/src/scenes/listing/listing.test.js","startTime":1568760702614,"status":"passed","summary":""}],"wasInterrupted":false}