{"numFailedTestSuites":0,"numFailedTests":0,"numPassedTestSuites":7,"numPassedTests":19,"numPendingTestSuites":0,"numPendingTests":0,"numRuntimeErrorTestSuites":0,"numTodoTests":0,"numTotalTestSuites":7,"numTotalTests":19,"openHandles":[],"snapshot":{"added":7,"didUpdate":false,"failure":true,"filesAdded":7,"filesRemoved":0,"filesUnmatched":0,"filesUpdated":0,"matched":0,"total":7,"unchecked":7,"uncheckedKeysByFile":[{"filePath":"/Users/russian/opensource/bossabox/challenges/frontend/src/common/components/card/card.test.js","keys":["renders 1"]},{"filePath":"/Users/russian/opensource/bossabox/challenges/frontend/src/common/components/tag/tag.test.js","keys":["renders 1"]},{"filePath":"/Users/russian/opensource/bossabox/challenges/frontend/src/common/components/link/link.test.js","keys":["renders 1"]},{"filePath":"/Users/russian/opensource/bossabox/challenges/frontend/src/common/components/textarea/textarea.test.js","keys":["renders 1"]},{"filePath":"/Users/russian/opensource/bossabox/challenges/frontend/src/common/components/checkbox/checkbox.test.js","keys":["renders 1"]},{"filePath":"/Users/russian/opensource/bossabox/challenges/frontend/src/common/components/searchfield/searchfield.test.js","keys":["renders 1"]},{"filePath":"/Users/russian/opensource/bossabox/challenges/frontend/src/common/components/button/button.test.js","keys":["renders 1"]}],"unmatched":0,"updated":0},"startTime":1566955285613,"success":false,"testResults":[{"assertionResults":[{"ancestorTitles":[],"failureMessages":[],"fullName":"snapshot","location":null,"status":"passed","title":"snapshot"}],"endTime":1566955290649,"message":"","name":"/Users/russian/opensource/bossabox/challenges/frontend/src/common/components/card/card.test.js","startTime":1566955287305,"status":"passed","summary":""},{"assertionResults":[{"ancestorTitles":[],"failureMessages":[],"fullName":"snapshot","location":null,"status":"passed","title":"snapshot"}],"endTime":1566955290648,"message":"","name":"/Users/russian/opensource/bossabox/challenges/frontend/src/common/components/tag/tag.test.js","startTime":1566955287346,"status":"passed","summary":""},{"assertionResults":[{"ancestorTitles":[],"failureMessages":[],"fullName":"snapshot","location":null,"status":"passed","title":"snapshot"}],"endTime":1566955290693,"message":"","name":"/Users/russian/opensource/bossabox/challenges/frontend/src/common/components/link/link.test.js","startTime":1566955287329,"status":"passed","summary":""},{"assertionResults":[{"ancestorTitles":[],"failureMessages":[],"fullName":"snapshot","location":null,"status":"passed","title":"snapshot"},{"ancestorTitles":[],"failureMessages":[],"fullName":"should render default value","location":null,"status":"passed","title":"should render default value"},{"ancestorTitles":[],"failureMessages":[],"fullName":"should render typed text","location":null,"status":"passed","title":"should render typed text"}],"endTime":1566955290738,"message":"","name":"/Users/russian/opensource/bossabox/challenges/frontend/src/common/components/textarea/textarea.test.js","startTime":1566955287327,"status":"passed","summary":""},{"assertionResults":[{"ancestorTitles":[],"failureMessages":[],"fullName":"snapshot","location":null,"status":"passed","title":"snapshot"},{"ancestorTitles":[],"failureMessages":[],"fullName":"should not show label if it dont pass label prop","location":null,"status":"passed","title":"should not show label if it dont pass label prop"},{"ancestorTitles":[],"failureMessages":[],"fullName":"should show label","location":null,"status":"passed","title":"should show label"},{"ancestorTitles":[],"failureMessages":[],"fullName":"should be checked if do not pass checked prop","location":null,"status":"passed","title":"should be checked if do not pass checked prop"},{"ancestorTitles":[],"failureMessages":[],"fullName":"should be checked if pass checked as true","location":null,"status":"passed","title":"should be checked if pass checked as true"},{"ancestorTitles":[],"failureMessages":[],"fullName":"should be checked if pass checked as false","location":null,"status":"passed","title":"should be checked if pass checked as false"}],"endTime":1566955290797,"message":"","name":"/Users/russian/opensource/bossabox/challenges/frontend/src/common/components/checkbox/checkbox.test.js","startTime":1566955287296,"status":"passed","summary":""},{"assertionResults":[{"ancestorTitles":[],"failureMessages":[],"fullName":"snapshot","location":null,"status":"passed","title":"snapshot"},{"ancestorTitles":[],"failureMessages":[],"fullName":"should render default value","location":null,"status":"passed","title":"should render default value"},{"ancestorTitles":[],"failureMessages":[],"fullName":"should render typed text","location":null,"status":"passed","title":"should render typed text"},{"ancestorTitles":[],"failureMessages":[],"fullName":"should fire onSearch with value when button clicked","location":null,"status":"passed","title":"should fire onSearch with value when button clicked"},{"ancestorTitles":[],"failureMessages":[],"fullName":"should fire onSearch when keydown Enter","location":null,"status":"passed","title":"should fire onSearch when keydown Enter"}],"endTime":1566955290830,"message":"","name":"/Users/russian/opensource/bossabox/challenges/frontend/src/common/components/searchfield/searchfield.test.js","startTime":1566955287270,"status":"passed","summary":""},{"assertionResults":[{"ancestorTitles":[],"failureMessages":[],"fullName":"snapshot","location":null,"status":"passed","title":"snapshot"},{"ancestorTitles":[],"failureMessages":[],"fullName":"render text","location":null,"status":"passed","title":"render text"}],"endTime":1566955291067,"message":"","name":"/Users/russian/opensource/bossabox/challenges/frontend/src/common/components/button/button.test.js","startTime":1566955290700,"status":"passed","summary":""}],"wasInterrupted":false}